<?xml version="1.0" encoding="UTF-8"?>
<!-- Generated by org.testng.reporters.JUnitReportReporter -->
<testsuite hostname="DESKTOP-8PG3HDS" failures="0" tests="4" name="com.testcases.HomePageTest" time="79.613" errors="0" timestamp="2024-11-29T19:19:41 IST" skipped="0">
  <testcase classname="com.testcases.HomePageTest" name="myAddressesTest" time="18.786"/>
  <testcase classname="com.testcases.HomePageTest" name="orderHistoryandDetailsTest" time="23.378"/>
  <testcase classname="com.testcases.HomePageTest" name="logoutButtonTest" time="20.472"/>
  <testcase classname="com.testcases.HomePageTest" name="personalInformationTest" time="16.977"/>
</testsuite> <!-- com.testcases.HomePageTest -->
