<?xml version="1.0" encoding="UTF-8"?>
<!-- Generated by org.testng.reporters.JUnitReportReporter -->
<testsuite hostname="DESKTOP-8PG3HDS" failures="0" tests="6" name="com.testcases.IndexPageTest" time="1.886" errors="0" timestamp="2024-11-29T19:19:41 IST" skipped="0">
  <testcase classname="com.testcases.IndexPageTest" name="verifyUrl" time="0.026"/>
  <testcase classname="com.testcases.IndexPageTest" name="verifyLoginPage" time="1.609"/>
  <testcase classname="com.testcases.IndexPageTest" name="verifyTitle" time="0.020"/>
  <testcase classname="com.testcases.IndexPageTest" name="emailAvailable" time="0.082"/>
  <testcase classname="com.testcases.IndexPageTest" name="contactNumberAvailable" time="0.087"/>
  <testcase classname="com.testcases.IndexPageTest" name="logoTest" time="0.062"/>
</testsuite> <!-- com.testcases.IndexPageTest -->
