<?xml version="1.0" encoding="UTF-8"?>
<!-- Generated by org.testng.reporters.JUnitReportReporter -->
<testsuite hostname="DESKTOP-8PG3HDS" failures="0" tests="1" name="com.testcases.OrderPageTest" time="19.892" errors="0" timestamp="2024-11-29T19:19:41 IST" skipped="0">
  <testcase classname="com.testcases.OrderPageTest" name="verifyTotalPrice" time="19.892"/>
</testsuite> <!-- com.testcases.OrderPageTest -->
